# JRE version: OpenJDK Runtime Environment (17.0.7) (build 17.0.7+0-b2043.56-10550314)
# Java VM: OpenJDK 64-Bit Server VM (17.0.7+0-b2043.56-10550314, mixed mode, tiered, compressed oops, compressed class ptrs, g1 gc, windows-amd64)
GC Precious Log:
 CPUs: 12 total, 12 available
 Memory: 16254M
 Large Page Support: Disabled
 NUMA Support: Disabled
 Compressed Oops: Enabled (32-bit)
 Heap Region Size: 1M
 Heap Min Capacity: 8M
 Heap Initial Capacity: 254M
 Heap Max Capacity: 2G
 Pre-touch: Disabled
 Parallel Workers: 10
 Concurrent Workers: 3
 Concurrent Refinement Workers: 10
 Periodic GC: Disabled
Heap:
 garbage-first heap   total 237568K, used 190033K [0x0000000080000000, 0x0000000100000000)
  region size 1024K, 97 young (99328K), 8 survivors (8192K)
 Metaspace       used 107280K, committed 107968K, reserved 1179648K
  class space    used 14741K, committed 15040K, reserved 1048576K
GC Heap History (20 events):
Event: 13.377 GC heap before
{Heap before GC invocations=25 (full 0):
 garbage-first heap   total 118784K, used 69592K [0x0000000080000000, 0x0000000100000000)
  region size 1024K, 19 young (19456K), 4 survivors (4096K)
 Metaspace       used 69804K, committed 70400K, reserved 1114112K
  class space    used 9415K, committed 9728K, reserved 1048576K
}
Event: 13.384 GC heap after
{Heap after GC invocations=26 (full 0):
 garbage-first heap   total 118784K, used 58455K [0x0000000080000000, 0x0000000100000000)
  region size 1024K, 6 young (6144K), 6 survivors (6144K)
 Metaspace       used 69804K, committed 70400K, reserved 1114112K
  class space    used 9415K, committed 9728K, reserved 1048576K
}
Event: 13.418 GC heap before
{Heap before GC invocations=26 (full 0):
 garbage-first heap   total 118784K, used 60503K [0x0000000080000000, 0x0000000100000000)
  region size 1024K, 7 young (7168K), 6 survivors (6144K)
 Metaspace       used 69840K, committed 70400K, reserved 1114112K
  class space    used 9420K, committed 9728K, reserved 1048576K
}
Event: 13.424 GC heap after
{Heap after GC invocations=27 (full 0):
 garbage-first heap   total 118784K, used 61042K [0x0000000080000000, 0x0000000100000000)
  region size 1024K, 1 young (1024K), 1 survivors (1024K)
 Metaspace       used 69840K, committed 70400K, reserved 1114112K
  class space    used 9420K, committed 9728K, reserved 1048576K
}
Event: 14.107 GC heap before
{Heap before GC invocations=28 (full 0):
 garbage-first heap   total 118784K, used 98930K [0x0000000080000000, 0x0000000100000000)
  region size 1024K, 31 young (31744K), 1 survivors (1024K)
 Metaspace       used 71789K, committed 72448K, reserved 1114112K
  class space    used 9673K, committed 9984K, reserved 1048576K
}
Event: 14.112 GC heap after
{Heap after GC invocations=29 (full 0):
 garbage-first heap   total 118784K, used 74585K [0x0000000080000000, 0x0000000100000000)
  region size 1024K, 4 young (4096K), 4 survivors (4096K)
 Metaspace       used 71789K, committed 72448K, reserved 1114112K
  class space    used 9673K, committed 9984K, reserved 1048576K
}
Event: 14.135 GC heap before
{Heap before GC invocations=29 (full 0):
 garbage-first heap   total 118784K, used 74585K [0x0000000080000000, 0x0000000100000000)
  region size 1024K, 5 young (5120K), 4 survivors (4096K)
 Metaspace       used 71868K, committed 72512K, reserved 1114112K
  class space    used 9686K, committed 9984K, reserved 1048576K
}
Event: 14.138 GC heap after
{Heap after GC invocations=30 (full 0):
 garbage-first heap   total 118784K, used 73410K [0x0000000080000000, 0x0000000100000000)
  region size 1024K, 1 young (1024K), 1 survivors (1024K)
 Metaspace       used 71868K, committed 72512K, reserved 1114112K
  class space    used 9686K, committed 9984K, reserved 1048576K
}
Event: 14.412 GC heap before
{Heap before GC invocations=30 (full 0):
 garbage-first heap   total 118784K, used 94914K [0x0000000080000000, 0x0000000100000000)
  region size 1024K, 23 young (23552K), 1 survivors (1024K)
 Metaspace       used 74218K, committed 74816K, reserved 1114112K
  class space    used 9943K, committed 10240K, reserved 1048576K
}
Event: 14.415 GC heap after
{Heap after GC invocations=31 (full 0):
 garbage-first heap   total 237568K, used 73940K [0x0000000080000000, 0x0000000100000000)
  region size 1024K, 1 young (1024K), 1 survivors (1024K)
 Metaspace       used 74218K, committed 74816K, reserved 1114112K
  class space    used 9943K, committed 10240K, reserved 1048576K
}
Event: 15.781 GC heap before
{Heap before GC invocations=32 (full 0):
 garbage-first heap   total 237568K, used 178388K [0x0000000080000000, 0x0000000100000000)
  region size 1024K, 97 young (99328K), 1 survivors (1024K)
 Metaspace       used 82073K, committed 82688K, reserved 1179648K
  class space    used 11020K, committed 11328K, reserved 1048576K
}
Event: 15.789 GC heap after
{Heap after GC invocations=33 (full 0):
 garbage-first heap   total 237568K, used 80632K [0x0000000080000000, 0x0000000100000000)
  region size 1024K, 8 young (8192K), 8 survivors (8192K)
 Metaspace       used 82073K, committed 82688K, reserved 1179648K
  class space    used 11020K, committed 11328K, reserved 1048576K
}
Event: 15.820 GC heap before
{Heap before GC invocations=33 (full 0):
 garbage-first heap   total 237568K, used 82680K [0x0000000080000000, 0x0000000100000000)
  region size 1024K, 11 young (11264K), 8 survivors (8192K)
 Metaspace       used 82296K, committed 82880K, reserved 1179648K
  class space    used 11050K, committed 11328K, reserved 1048576K
}
Event: 15.826 GC heap after
{Heap after GC invocations=34 (full 0):
 garbage-first heap   total 237568K, used 80399K [0x0000000080000000, 0x0000000100000000)
  region size 1024K, 1 young (1024K), 1 survivors (1024K)
 Metaspace       used 82296K, committed 82880K, reserved 1179648K
  class space    used 11050K, committed 11328K, reserved 1048576K
}
Event: 17.430 GC heap before
{Heap before GC invocations=34 (full 0):
 garbage-first heap   total 237568K, used 184847K [0x0000000080000000, 0x0000000100000000)
  region size 1024K, 99 young (101376K), 1 survivors (1024K)
 Metaspace       used 89022K, committed 89664K, reserved 1179648K
  class space    used 11975K, committed 12288K, reserved 1048576K
}
Event: 17.441 GC heap after
{Heap after GC invocations=35 (full 0):
 garbage-first heap   total 237568K, used 91614K [0x0000000080000000, 0x0000000100000000)
  region size 1024K, 8 young (8192K), 8 survivors (8192K)
 Metaspace       used 89022K, committed 89664K, reserved 1179648K
  class space    used 11975K, committed 12288K, reserved 1048576K
}
Event: 18.820 GC heap before
{Heap before GC invocations=35 (full 0):
 garbage-first heap   total 237568K, used 183774K [0x0000000080000000, 0x0000000100000000)
  region size 1024K, 98 young (100352K), 8 survivors (8192K)
 Metaspace       used 96128K, committed 96768K, reserved 1179648K
  class space    used 13157K, committed 13440K, reserved 1048576K
}
Event: 18.829 GC heap after
{Heap after GC invocations=36 (full 0):
 garbage-first heap   total 237568K, used 95565K [0x0000000080000000, 0x0000000100000000)
  region size 1024K, 4 young (4096K), 4 survivors (4096K)
 Metaspace       used 96128K, committed 96768K, reserved 1179648K
  class space    used 13157K, committed 13440K, reserved 1048576K
}
Event: 20.470 GC heap before
{Heap before GC invocations=36 (full 0):
 garbage-first heap   total 237568K, used 188749K [0x0000000080000000, 0x0000000100000000)
  region size 1024K, 95 young (97280K), 4 survivors (4096K)
 Metaspace       used 104330K, committed 104960K, reserved 1179648K
  class space    used 14357K, committed 14656K, reserved 1048576K
}
Event: 20.484 GC heap after
{Heap after GC invocations=37 (full 0):
 garbage-first heap   total 237568K, used 99921K [0x0000000080000000, 0x0000000100000000)
  region size 1024K, 8 young (8192K), 8 survivors (8192K)
 Metaspace       used 104330K, committed 104960K, reserved 1179648K
  class space    used 14357K, committed 14656K, reserved 1048576K
}

